[2023-11-01 17:29:32] local.ERROR: View [welcome] not found. {"exception":"[object] (InvalidArgumentException(code: 0): View [welcome] not found. at E:\\Islam Hossain\\Client___AAA Trading International\\aaa_trade_international\\aaa_trade_api\\lvApps\\vendor\\laravel\\framework\\src\\Illuminate\\View\\FileViewFinder.php:137)
[stacktrace]
#0 E:\\Islam Hossain\\Client___AAA Trading International\\aaa_trade_international\\aaa_trade_api\\lvApps\\vendor\\laravel\\framework\\src\\Illuminate\\View\\FileViewFinder.php(79): Illuminate\\View\\FileViewFinder->findInPaths('welcome', Array)
#1 E:\\Islam Hossain\\Client___AAA Trading International\\aaa_trade_international\\aaa_trade_api\\lvApps\\vendor\\laravel\\framework\\src\\Illuminate\\View\\Factory.php(138): Illuminate\\View\\FileViewFinder->find('welcome')
#2 E:\\Islam Hossain\\Client___AAA Trading International\\aaa_trade_international\\aaa_trade_api\\lvApps\\vendor\\laravel\\framework\\src\\Illuminate\\Foundation\\helpers.php(1035): Illuminate\\View\\Factory->make('welcome', Array, Array)
#3 laravel-serializable-closure://function () {
    return \\view('welcome');
}(3): view('welcome')
#4 E:\\Islam Hossain\\Client___AAA Trading International\\aaa_trade_international\\aaa_trade_api\\lvApps\\vendor\\laravel\\framework\\src\\Illuminate\\Routing\\CallableDispatcher.php(40): Illuminate\\Routing\\RouteFileRegistrar::{closure}()
#5 E:\\Islam Hossain\\Client___AAA Trading International\\aaa_trade_international\\aaa_trade_api\\lvApps\\vendor\\laravel\\framework\\src\\Illuminate\\Routing\\Route.php(237): Illuminate\\Routing\\CallableDispatcher->dispatch(Object(Illuminate\\Routing\\Route), Object(Closure))
#6 E:\\Islam Hossain\\Client___AAA Trading International\\aaa_trade_international\\aaa_trade_api\\lvApps\\vendor\\laravel\\framework\\src\\Illuminate\\Routing\\Route.php(208): Illuminate\\Routing\\Route->runCallable()
#7 E:\\Islam Hossain\\Client___AAA Trading International\\aaa_trade_international\\aaa_trade_api\\lvApps\\vendor\\laravel\\framework\\src\\Illuminate\\Routing\\Router.php(798): Illuminate\\Routing\\Route->run()
#8 E:\\Islam Hossain\\Client___AAA Trading International\\aaa_trade_international\\aaa_trade_api\\lvApps\\vendor\\laravel\\framework\\src\\Illuminate\\Pipeline\\Pipeline.php(141): Illuminate\\Routing\\Router->Illuminate\\Routing\\{closure}(Object(Illuminate\\Http\\Request))
#9 E:\\Islam Hossain\\Client___AAA Trading International\\aaa_trade_international\\aaa_trade_api\\lvApps\\vendor\\laravel\\framework\\src\\Illuminate\\Routing\\Middleware\\SubstituteBindings.php(50): Illuminate\\Pipeline\\Pipeline->Illuminate\\Pipeline\\{closure}(Object(Illuminate\\Http\\Request))
#10 E:\\Islam Hossain\\Client___AAA Trading International\\aaa_trade_international\\aaa_trade_api\\lvApps\\vendor\\laravel\\framework\\src\\Illuminate\\Pipeline\\Pipeline.php(180): Illuminate\\Routing\\Middleware\\SubstituteBindings->handle(Object(Illuminate\\Http\\Request), Object(Closure))
#11 E:\\Islam Hossain\\Client___AAA Trading International\\aaa_trade_international\\aaa_trade_api\\lvApps\\vendor\\laravel\\framework\\src\\Illuminate\\Foundation\\Http\\Middleware\\VerifyCsrfToken.php(78): Illuminate\\Pipeline\\Pipeline->Illuminate\\Pipeline\\{closure}(Object(Illuminate\\Http\\Request))
#12 E:\\Islam Hossain\\Client___AAA Trading International\\aaa_trade_international\\aaa_trade_api\\lvApps\\vendor\\laravel\\framework\\src\\Illuminate\\Pipeline\\Pipeline.php(180): Illuminate\\Foundation\\Http\\Middleware\\VerifyCsrfToken->handle(Object(Illuminate\\Http\\Request), Object(Closure))
#13 E:\\Islam Hossain\\Client___AAA Trading International\\aaa_trade_international\\aaa_trade_api\\lvApps\\vendor\\laravel\\framework\\src\\Illuminate\\View\\Middleware\\ShareErrorsFromSession.php(49): Illuminate\\Pipeline\\Pipeline->Illuminate\\Pipeline\\{closure}(Object(Illuminate\\Http\\Request))
#14 E:\\Islam Hossain\\Client___AAA Trading International\\aaa_trade_international\\aaa_trade_api\\lvApps\\vendor\\laravel\\framework\\src\\Illuminate\\Pipeline\\Pipeline.php(180): Illuminate\\View\\Middleware\\ShareErrorsFromSession->handle(Object(Illuminate\\Http\\Request), Object(Closure))
#15 E:\\Islam Hossain\\Client___AAA Trading International\\aaa_trade_international\\aaa_trade_api\\lvApps\\vendor\\laravel\\framework\\src\\Illuminate\\Session\\Middleware\\StartSession.php(121): Illuminate\\Pipeline\\Pipeline->Illuminate\\Pipeline\\{closure}(Object(Illuminate\\Http\\Request))
#16 E:\\Islam Hossain\\Client___AAA Trading International\\aaa_trade_international\\aaa_trade_api\\lvApps\\vendor\\laravel\\framework\\src\\Illuminate\\Session\\Middleware\\StartSession.php(64): Illuminate\\Session\\Middleware\\StartSession->handleStatefulRequest(Object(Illuminate\\Http\\Request), Object(Illuminate\\Session\\Store), Object(Closure))
#17 E:\\Islam Hossain\\Client___AAA Trading International\\aaa_trade_international\\aaa_trade_api\\lvApps\\vendor\\laravel\\framework\\src\\Illuminate\\Pipeline\\Pipeline.php(180): Illuminate\\Session\\Middleware\\StartSession->handle(Object(Illuminate\\Http\\Request), Object(Closure))
#18 E:\\Islam Hossain\\Client___AAA Trading International\\aaa_trade_international\\aaa_trade_api\\lvApps\\vendor\\laravel\\framework\\src\\Illuminate\\Cookie\\Middleware\\AddQueuedCookiesToResponse.php(37): Illuminate\\Pipeline\\Pipeline->Illuminate\\Pipeline\\{closure}(Object(Illuminate\\Http\\Request))
#19 E:\\Islam Hossain\\Client___AAA Trading International\\aaa_trade_international\\aaa_trade_api\\lvApps\\vendor\\laravel\\framework\\src\\Illuminate\\Pipeline\\Pipeline.php(180): Illuminate\\Cookie\\Middleware\\AddQueuedCookiesToResponse->handle(Object(Illuminate\\Http\\Request), Object(Closure))
#20 E:\\Islam Hossain\\Client___AAA Trading International\\aaa_trade_international\\aaa_trade_api\\lvApps\\vendor\\laravel\\framework\\src\\Illuminate\\Cookie\\Middleware\\EncryptCookies.php(67): Illuminate\\Pipeline\\Pipeline->Illuminate\\Pipeline\\{closure}(Object(Illuminate\\Http\\Request))
#21 E:\\Islam Hossain\\Client___AAA Trading International\\aaa_trade_international\\aaa_trade_api\\lvApps\\vendor\\laravel\\framework\\src\\Illuminate\\Pipeline\\Pipeline.php(180): Illuminate\\Cookie\\Middleware\\EncryptCookies->handle(Object(Illuminate\\Http\\Request), Object(Closure))
#22 E:\\Islam Hossain\\Client___AAA Trading International\\aaa_trade_international\\aaa_trade_api\\lvApps\\vendor\\laravel\\framework\\src\\Illuminate\\Pipeline\\Pipeline.php(116): Illuminate\\Pipeline\\Pipeline->Illuminate\\Pipeline\\{closure}(Object(Illuminate\\Http\\Request))
#23 E:\\Islam Hossain\\Client___AAA Trading International\\aaa_trade_international\\aaa_trade_api\\lvApps\\vendor\\laravel\\framework\\src\\Illuminate\\Routing\\Router.php(799): Illuminate\\Pipeline\\Pipeline->then(Object(Closure))
#24 E:\\Islam Hossain\\Client___AAA Trading International\\aaa_trade_international\\aaa_trade_api\\lvApps\\vendor\\laravel\\framework\\src\\Illuminate\\Routing\\Router.php(776): Illuminate\\Routing\\Router->runRouteWithinStack(Object(Illuminate\\Routing\\Route), Object(Illuminate\\Http\\Request))
#25 E:\\Islam Hossain\\Client___AAA Trading International\\aaa_trade_international\\aaa_trade_api\\lvApps\\vendor\\laravel\\framework\\src\\Illuminate\\Routing\\Router.php(740): Illuminate\\Routing\\Router->runRoute(Object(Illuminate\\Http\\Request), Object(Illuminate\\Routing\\Route))
#26 E:\\Islam Hossain\\Client___AAA Trading International\\aaa_trade_international\\aaa_trade_api\\lvApps\\vendor\\laravel\\framework\\src\\Illuminate\\Routing\\Router.php(729): Illuminate\\Routing\\Router->dispatchToRoute(Object(Illuminate\\Http\\Request))
#27 E:\\Islam Hossain\\Client___AAA Trading International\\aaa_trade_international\\aaa_trade_api\\lvApps\\vendor\\laravel\\framework\\src\\Illuminate\\Foundation\\Http\\Kernel.php(190): Illuminate\\Routing\\Router->dispatch(Object(Illuminate\\Http\\Request))
#28 E:\\Islam Hossain\\Client___AAA Trading International\\aaa_trade_international\\aaa_trade_api\\lvApps\\vendor\\laravel\\framework\\src\\Illuminate\\Pipeline\\Pipeline.php(141): Illuminate\\Foundation\\Http\\Kernel->Illuminate\\Foundation\\Http\\{closure}(Object(Illuminate\\Http\\Request))
#29 E:\\Islam Hossain\\Client___AAA Trading International\\aaa_trade_international\\aaa_trade_api\\lvApps\\vendor\\laravel\\framework\\src\\Illuminate\\Foundation\\Http\\Middleware\\TransformsRequest.php(21): Illuminate\\Pipeline\\Pipeline->Illuminate\\Pipeline\\{closure}(Object(Illuminate\\Http\\Request))
#30 E:\\Islam Hossain\\Client___AAA Trading International\\aaa_trade_international\\aaa_trade_api\\lvApps\\vendor\\laravel\\framework\\src\\Illuminate\\Foundation\\Http\\Middleware\\ConvertEmptyStringsToNull.php(31): Illuminate\\Foundation\\Http\\Middleware\\TransformsRequest->handle(Object(Illuminate\\Http\\Request), Object(Closure))
#31 E:\\Islam Hossain\\Client___AAA Trading International\\aaa_trade_international\\aaa_trade_api\\lvApps\\vendor\\laravel\\framework\\src\\Illuminate\\Pipeline\\Pipeline.php(180): Illuminate\\Foundation\\Http\\Middleware\\ConvertEmptyStringsToNull->handle(Object(Illuminate\\Http\\Request), Object(Closure))
#32 E:\\Islam Hossain\\Client___AAA Trading International\\aaa_trade_international\\aaa_trade_api\\lvApps\\vendor\\laravel\\framework\\src\\Illuminate\\Foundation\\Http\\Middleware\\TransformsRequest.php(21): Illuminate\\Pipeline\\Pipeline->Illuminate\\Pipeline\\{closure}(Object(Illuminate\\Http\\Request))
#33 E:\\Islam Hossain\\Client___AAA Trading International\\aaa_trade_international\\aaa_trade_api\\lvApps\\vendor\\laravel\\framework\\src\\Illuminate\\Foundation\\Http\\Middleware\\TrimStrings.php(40): Illuminate\\Foundation\\Http\\Middleware\\TransformsRequest->handle(Object(Illuminate\\Http\\Request), Object(Closure))
#34 E:\\Islam Hossain\\Client___AAA Trading International\\aaa_trade_international\\aaa_trade_api\\lvApps\\vendor\\laravel\\framework\\src\\Illuminate\\Pipeline\\Pipeline.php(180): Illuminate\\Foundation\\Http\\Middleware\\TrimStrings->handle(Object(Illuminate\\Http\\Request), Object(Closure))
#35 E:\\Islam Hossain\\Client___AAA Trading International\\aaa_trade_international\\aaa_trade_api\\lvApps\\vendor\\laravel\\framework\\src\\Illuminate\\Foundation\\Http\\Middleware\\ValidatePostSize.php(27): Illuminate\\Pipeline\\Pipeline->Illuminate\\Pipeline\\{closure}(Object(Illuminate\\Http\\Request))
#36 E:\\Islam Hossain\\Client___AAA Trading International\\aaa_trade_international\\aaa_trade_api\\lvApps\\vendor\\laravel\\framework\\src\\Illuminate\\Pipeline\\Pipeline.php(180): Illuminate\\Foundation\\Http\\Middleware\\ValidatePostSize->handle(Object(Illuminate\\Http\\Request), Object(Closure))
#37 E:\\Islam Hossain\\Client___AAA Trading International\\aaa_trade_international\\aaa_trade_api\\lvApps\\vendor\\laravel\\framework\\src\\Illuminate\\Foundation\\Http\\Middleware\\PreventRequestsDuringMaintenance.php(86): Illuminate\\Pipeline\\Pipeline->Illuminate\\Pipeline\\{closure}(Object(Illuminate\\Http\\Request))
#38 E:\\Islam Hossain\\Client___AAA Trading International\\aaa_trade_international\\aaa_trade_api\\lvApps\\vendor\\laravel\\framework\\src\\Illuminate\\Pipeline\\Pipeline.php(180): Illuminate\\Foundation\\Http\\Middleware\\PreventRequestsDuringMaintenance->handle(Object(Illuminate\\Http\\Request), Object(Closure))
#39 E:\\Islam Hossain\\Client___AAA Trading International\\aaa_trade_international\\aaa_trade_api\\lvApps\\vendor\\laravel\\framework\\src\\Illuminate\\Http\\Middleware\\HandleCors.php(49): Illuminate\\Pipeline\\Pipeline->Illuminate\\Pipeline\\{closure}(Object(Illuminate\\Http\\Request))
#40 E:\\Islam Hossain\\Client___AAA Trading International\\aaa_trade_international\\aaa_trade_api\\lvApps\\vendor\\laravel\\framework\\src\\Illuminate\\Pipeline\\Pipeline.php(180): Illuminate\\Http\\Middleware\\HandleCors->handle(Object(Illuminate\\Http\\Request), Object(Closure))
#41 E:\\Islam Hossain\\Client___AAA Trading International\\aaa_trade_international\\aaa_trade_api\\lvApps\\vendor\\laravel\\framework\\src\\Illuminate\\Http\\Middleware\\TrustProxies.php(39): Illuminate\\Pipeline\\Pipeline->Illuminate\\Pipeline\\{closure}(Object(Illuminate\\Http\\Request))
#42 E:\\Islam Hossain\\Client___AAA Trading International\\aaa_trade_international\\aaa_trade_api\\lvApps\\vendor\\laravel\\framework\\src\\Illuminate\\Pipeline\\Pipeline.php(180): Illuminate\\Http\\Middleware\\TrustProxies->handle(Object(Illuminate\\Http\\Request), Object(Closure))
#43 E:\\Islam Hossain\\Client___AAA Trading International\\aaa_trade_international\\aaa_trade_api\\lvApps\\vendor\\laravel\\framework\\src\\Illuminate\\Pipeline\\Pipeline.php(116): Illuminate\\Pipeline\\Pipeline->Illuminate\\Pipeline\\{closure}(Object(Illuminate\\Http\\Request))
#44 E:\\Islam Hossain\\Client___AAA Trading International\\aaa_trade_international\\aaa_trade_api\\lvApps\\vendor\\laravel\\framework\\src\\Illuminate\\Foundation\\Http\\Kernel.php(165): Illuminate\\Pipeline\\Pipeline->then(Object(Closure))
#45 E:\\Islam Hossain\\Client___AAA Trading International\\aaa_trade_international\\aaa_trade_api\\lvApps\\vendor\\laravel\\framework\\src\\Illuminate\\Foundation\\Http\\Kernel.php(134): Illuminate\\Foundation\\Http\\Kernel->sendRequestThroughRouter(Object(Illuminate\\Http\\Request))
#46 E:\\Islam Hossain\\Client___AAA Trading International\\aaa_trade_international\\aaa_trade_api\\lvApps\\public\\index.php(52): Illuminate\\Foundation\\Http\\Kernel->handle(Object(Illuminate\\Http\\Request))
#47 E:\\Islam Hossain\\Client___AAA Trading International\\aaa_trade_international\\aaa_trade_api\\lvApps\\vendor\\laravel\\framework\\src\\Illuminate\\Foundation\\resources\\server.php(16): require_once('E:\\\\Islam Hossai...')
#48 {main}
"} 
[2023-11-01 17:29:32] local.ERROR: file_put_contents(E:\Islam Hossain\Client___AAA Trading International\aaa_trade_international\aaa_trade_api\storage\framework/sessions/Py7U8VYRMZTSwF82G9WHDypzsTqHVQguufKow9Hb): Failed to open stream: No such file or directory {"exception":"[object] (ErrorException(code: 0): file_put_contents(E:\\Islam Hossain\\Client___AAA Trading International\\aaa_trade_international\\aaa_trade_api\\storage\\framework/sessions/Py7U8VYRMZTSwF82G9WHDypzsTqHVQguufKow9Hb): Failed to open stream: No such file or directory at E:\\Islam Hossain\\Client___AAA Trading International\\aaa_trade_international\\aaa_trade_api\\lvApps\\vendor\\laravel\\framework\\src\\Illuminate\\Filesystem\\Filesystem.php:190)
[stacktrace]
#0 E:\\Islam Hossain\\Client___AAA Trading International\\aaa_trade_international\\aaa_trade_api\\lvApps\\vendor\\laravel\\framework\\src\\Illuminate\\Foundation\\Bootstrap\\HandleExceptions.php(270): Illuminate\\Foundation\\Bootstrap\\HandleExceptions->handleError(2, 'file_put_conten...', 'E:\\\\Islam Hossai...', 190)
#1 [internal function]: Illuminate\\Foundation\\Bootstrap\\HandleExceptions->Illuminate\\Foundation\\Bootstrap\\{closure}(2, 'file_put_conten...', 'E:\\\\Islam Hossai...', 190)
#2 E:\\Islam Hossain\\Client___AAA Trading International\\aaa_trade_international\\aaa_trade_api\\lvApps\\vendor\\laravel\\framework\\src\\Illuminate\\Filesystem\\Filesystem.php(190): file_put_contents('E:\\\\Islam Hossai...', 'a:2:{s:6:\"_toke...', 2)
#3 E:\\Islam Hossain\\Client___AAA Trading International\\aaa_trade_international\\aaa_trade_api\\lvApps\\vendor\\laravel\\framework\\src\\Illuminate\\Session\\FileSessionHandler.php(90): Illuminate\\Filesystem\\Filesystem->put('E:\\\\Islam Hossai...', 'a:2:{s:6:\"_toke...', true)
#4 E:\\Islam Hossain\\Client___AAA Trading International\\aaa_trade_international\\aaa_trade_api\\lvApps\\vendor\\laravel\\framework\\src\\Illuminate\\Session\\Store.php(173): Illuminate\\Session\\FileSessionHandler->write('Py7U8VYRMZTSwF8...', 'a:2:{s:6:\"_toke...')
#5 E:\\Islam Hossain\\Client___AAA Trading International\\aaa_trade_international\\aaa_trade_api\\lvApps\\vendor\\laravel\\framework\\src\\Illuminate\\Session\\Middleware\\StartSession.php(238): Illuminate\\Session\\Store->save()
#6 E:\\Islam Hossain\\Client___AAA Trading International\\aaa_trade_international\\aaa_trade_api\\lvApps\\vendor\\laravel\\framework\\src\\Illuminate\\Session\\Middleware\\StartSession.php(130): Illuminate\\Session\\Middleware\\StartSession->saveSession(Object(Illuminate\\Http\\Request))
#7 E:\\Islam Hossain\\Client___AAA Trading International\\aaa_trade_international\\aaa_trade_api\\lvApps\\vendor\\laravel\\framework\\src\\Illuminate\\Session\\Middleware\\StartSession.php(64): Illuminate\\Session\\Middleware\\StartSession->handleStatefulRequest(Object(Illuminate\\Http\\Request), Object(Illuminate\\Session\\Store), Object(Closure))
#8 E:\\Islam Hossain\\Client___AAA Trading International\\aaa_trade_international\\aaa_trade_api\\lvApps\\vendor\\laravel\\framework\\src\\Illuminate\\Pipeline\\Pipeline.php(180): Illuminate\\Session\\Middleware\\StartSession->handle(Object(Illuminate\\Http\\Request), Object(Closure))
#9 E:\\Islam Hossain\\Client___AAA Trading International\\aaa_trade_international\\aaa_trade_api\\lvApps\\vendor\\laravel\\framework\\src\\Illuminate\\Cookie\\Middleware\\AddQueuedCookiesToResponse.php(37): Illuminate\\Pipeline\\Pipeline->Illuminate\\Pipeline\\{closure}(Object(Illuminate\\Http\\Request))
#10 E:\\Islam Hossain\\Client___AAA Trading International\\aaa_trade_international\\aaa_trade_api\\lvApps\\vendor\\laravel\\framework\\src\\Illuminate\\Pipeline\\Pipeline.php(180): Illuminate\\Cookie\\Middleware\\AddQueuedCookiesToResponse->handle(Object(Illuminate\\Http\\Request), Object(Closure))
#11 E:\\Islam Hossain\\Client___AAA Trading International\\aaa_trade_international\\aaa_trade_api\\lvApps\\vendor\\laravel\\framework\\src\\Illuminate\\Cookie\\Middleware\\EncryptCookies.php(67): Illuminate\\Pipeline\\Pipeline->Illuminate\\Pipeline\\{closure}(Object(Illuminate\\Http\\Request))
#12 E:\\Islam Hossain\\Client___AAA Trading International\\aaa_trade_international\\aaa_trade_api\\lvApps\\vendor\\laravel\\framework\\src\\Illuminate\\Pipeline\\Pipeline.php(180): Illuminate\\Cookie\\Middleware\\EncryptCookies->handle(Object(Illuminate\\Http\\Request), Object(Closure))
#13 E:\\Islam Hossain\\Client___AAA Trading International\\aaa_trade_international\\aaa_trade_api\\lvApps\\vendor\\laravel\\framework\\src\\Illuminate\\Pipeline\\Pipeline.php(116): Illuminate\\Pipeline\\Pipeline->Illuminate\\Pipeline\\{closure}(Object(Illuminate\\Http\\Request))
#14 E:\\Islam Hossain\\Client___AAA Trading International\\aaa_trade_international\\aaa_trade_api\\lvApps\\vendor\\laravel\\framework\\src\\Illuminate\\Routing\\Router.php(799): Illuminate\\Pipeline\\Pipeline->then(Object(Closure))
#15 E:\\Islam Hossain\\Client___AAA Trading International\\aaa_trade_international\\aaa_trade_api\\lvApps\\vendor\\laravel\\framework\\src\\Illuminate\\Routing\\Router.php(776): Illuminate\\Routing\\Router->runRouteWithinStack(Object(Illuminate\\Routing\\Route), Object(Illuminate\\Http\\Request))
#16 E:\\Islam Hossain\\Client___AAA Trading International\\aaa_trade_international\\aaa_trade_api\\lvApps\\vendor\\laravel\\framework\\src\\Illuminate\\Routing\\Router.php(740): Illuminate\\Routing\\Router->runRoute(Object(Illuminate\\Http\\Request), Object(Illuminate\\Routing\\Route))
#17 E:\\Islam Hossain\\Client___AAA Trading International\\aaa_trade_international\\aaa_trade_api\\lvApps\\vendor\\laravel\\framework\\src\\Illuminate\\Routing\\Router.php(729): Illuminate\\Routing\\Router->dispatchToRoute(Object(Illuminate\\Http\\Request))
#18 E:\\Islam Hossain\\Client___AAA Trading International\\aaa_trade_international\\aaa_trade_api\\lvApps\\vendor\\laravel\\framework\\src\\Illuminate\\Foundation\\Http\\Kernel.php(190): Illuminate\\Routing\\Router->dispatch(Object(Illuminate\\Http\\Request))
#19 E:\\Islam Hossain\\Client___AAA Trading International\\aaa_trade_international\\aaa_trade_api\\lvApps\\vendor\\laravel\\framework\\src\\Illuminate\\Pipeline\\Pipeline.php(141): Illuminate\\Foundation\\Http\\Kernel->Illuminate\\Foundation\\Http\\{closure}(Object(Illuminate\\Http\\Request))
#20 E:\\Islam Hossain\\Client___AAA Trading International\\aaa_trade_international\\aaa_trade_api\\lvApps\\vendor\\laravel\\framework\\src\\Illuminate\\Foundation\\Http\\Middleware\\TransformsRequest.php(21): Illuminate\\Pipeline\\Pipeline->Illuminate\\Pipeline\\{closure}(Object(Illuminate\\Http\\Request))
#21 E:\\Islam Hossain\\Client___AAA Trading International\\aaa_trade_international\\aaa_trade_api\\lvApps\\vendor\\laravel\\framework\\src\\Illuminate\\Foundation\\Http\\Middleware\\ConvertEmptyStringsToNull.php(31): Illuminate\\Foundation\\Http\\Middleware\\TransformsRequest->handle(Object(Illuminate\\Http\\Request), Object(Closure))
#22 E:\\Islam Hossain\\Client___AAA Trading International\\aaa_trade_international\\aaa_trade_api\\lvApps\\vendor\\laravel\\framework\\src\\Illuminate\\Pipeline\\Pipeline.php(180): Illuminate\\Foundation\\Http\\Middleware\\ConvertEmptyStringsToNull->handle(Object(Illuminate\\Http\\Request), Object(Closure))
#23 E:\\Islam Hossain\\Client___AAA Trading International\\aaa_trade_international\\aaa_trade_api\\lvApps\\vendor\\laravel\\framework\\src\\Illuminate\\Foundation\\Http\\Middleware\\TransformsRequest.php(21): Illuminate\\Pipeline\\Pipeline->Illuminate\\Pipeline\\{closure}(Object(Illuminate\\Http\\Request))
#24 E:\\Islam Hossain\\Client___AAA Trading International\\aaa_trade_international\\aaa_trade_api\\lvApps\\vendor\\laravel\\framework\\src\\Illuminate\\Foundation\\Http\\Middleware\\TrimStrings.php(40): Illuminate\\Foundation\\Http\\Middleware\\TransformsRequest->handle(Object(Illuminate\\Http\\Request), Object(Closure))
#25 E:\\Islam Hossain\\Client___AAA Trading International\\aaa_trade_international\\aaa_trade_api\\lvApps\\vendor\\laravel\\framework\\src\\Illuminate\\Pipeline\\Pipeline.php(180): Illuminate\\Foundation\\Http\\Middleware\\TrimStrings->handle(Object(Illuminate\\Http\\Request), Object(Closure))
#26 E:\\Islam Hossain\\Client___AAA Trading International\\aaa_trade_international\\aaa_trade_api\\lvApps\\vendor\\laravel\\framework\\src\\Illuminate\\Foundation\\Http\\Middleware\\ValidatePostSize.php(27): Illuminate\\Pipeline\\Pipeline->Illuminate\\Pipeline\\{closure}(Object(Illuminate\\Http\\Request))
#27 E:\\Islam Hossain\\Client___AAA Trading International\\aaa_trade_international\\aaa_trade_api\\lvApps\\vendor\\laravel\\framework\\src\\Illuminate\\Pipeline\\Pipeline.php(180): Illuminate\\Foundation\\Http\\Middleware\\ValidatePostSize->handle(Object(Illuminate\\Http\\Request), Object(Closure))
#28 E:\\Islam Hossain\\Client___AAA Trading International\\aaa_trade_international\\aaa_trade_api\\lvApps\\vendor\\laravel\\framework\\src\\Illuminate\\Foundation\\Http\\Middleware\\PreventRequestsDuringMaintenance.php(86): Illuminate\\Pipeline\\Pipeline->Illuminate\\Pipeline\\{closure}(Object(Illuminate\\Http\\Request))
#29 E:\\Islam Hossain\\Client___AAA Trading International\\aaa_trade_international\\aaa_trade_api\\lvApps\\vendor\\laravel\\framework\\src\\Illuminate\\Pipeline\\Pipeline.php(180): Illuminate\\Foundation\\Http\\Middleware\\PreventRequestsDuringMaintenance->handle(Object(Illuminate\\Http\\Request), Object(Closure))
#30 E:\\Islam Hossain\\Client___AAA Trading International\\aaa_trade_international\\aaa_trade_api\\lvApps\\vendor\\laravel\\framework\\src\\Illuminate\\Http\\Middleware\\HandleCors.php(49): Illuminate\\Pipeline\\Pipeline->Illuminate\\Pipeline\\{closure}(Object(Illuminate\\Http\\Request))
#31 E:\\Islam Hossain\\Client___AAA Trading International\\aaa_trade_international\\aaa_trade_api\\lvApps\\vendor\\laravel\\framework\\src\\Illuminate\\Pipeline\\Pipeline.php(180): Illuminate\\Http\\Middleware\\HandleCors->handle(Object(Illuminate\\Http\\Request), Object(Closure))
#32 E:\\Islam Hossain\\Client___AAA Trading International\\aaa_trade_international\\aaa_trade_api\\lvApps\\vendor\\laravel\\framework\\src\\Illuminate\\Http\\Middleware\\TrustProxies.php(39): Illuminate\\Pipeline\\Pipeline->Illuminate\\Pipeline\\{closure}(Object(Illuminate\\Http\\Request))
#33 E:\\Islam Hossain\\Client___AAA Trading International\\aaa_trade_international\\aaa_trade_api\\lvApps\\vendor\\laravel\\framework\\src\\Illuminate\\Pipeline\\Pipeline.php(180): Illuminate\\Http\\Middleware\\TrustProxies->handle(Object(Illuminate\\Http\\Request), Object(Closure))
#34 E:\\Islam Hossain\\Client___AAA Trading International\\aaa_trade_international\\aaa_trade_api\\lvApps\\vendor\\laravel\\framework\\src\\Illuminate\\Pipeline\\Pipeline.php(116): Illuminate\\Pipeline\\Pipeline->Illuminate\\Pipeline\\{closure}(Object(Illuminate\\Http\\Request))
#35 E:\\Islam Hossain\\Client___AAA Trading International\\aaa_trade_international\\aaa_trade_api\\lvApps\\vendor\\laravel\\framework\\src\\Illuminate\\Foundation\\Http\\Kernel.php(165): Illuminate\\Pipeline\\Pipeline->then(Object(Closure))
#36 E:\\Islam Hossain\\Client___AAA Trading International\\aaa_trade_international\\aaa_trade_api\\lvApps\\vendor\\laravel\\framework\\src\\Illuminate\\Foundation\\Http\\Kernel.php(134): Illuminate\\Foundation\\Http\\Kernel->sendRequestThroughRouter(Object(Illuminate\\Http\\Request))
#37 E:\\Islam Hossain\\Client___AAA Trading International\\aaa_trade_international\\aaa_trade_api\\lvApps\\public\\index.php(52): Illuminate\\Foundation\\Http\\Kernel->handle(Object(Illuminate\\Http\\Request))
#38 E:\\Islam Hossain\\Client___AAA Trading International\\aaa_trade_international\\aaa_trade_api\\lvApps\\vendor\\laravel\\framework\\src\\Illuminate\\Foundation\\resources\\server.php(16): require_once('E:\\\\Islam Hossai...')
#39 {main}
"} 
[2023-11-01 17:29:33] local.ERROR: View [welcome] not found. {"exception":"[object] (InvalidArgumentException(code: 0): View [welcome] not found. at E:\\Islam Hossain\\Client___AAA Trading International\\aaa_trade_international\\aaa_trade_api\\lvApps\\vendor\\laravel\\framework\\src\\Illuminate\\View\\FileViewFinder.php:137)
[stacktrace]
#0 E:\\Islam Hossain\\Client___AAA Trading International\\aaa_trade_international\\aaa_trade_api\\lvApps\\vendor\\laravel\\framework\\src\\Illuminate\\View\\FileViewFinder.php(79): Illuminate\\View\\FileViewFinder->findInPaths('welcome', Array)
#1 E:\\Islam Hossain\\Client___AAA Trading International\\aaa_trade_international\\aaa_trade_api\\lvApps\\vendor\\laravel\\framework\\src\\Illuminate\\View\\Factory.php(138): Illuminate\\View\\FileViewFinder->find('welcome')
#2 E:\\Islam Hossain\\Client___AAA Trading International\\aaa_trade_international\\aaa_trade_api\\lvApps\\vendor\\laravel\\framework\\src\\Illuminate\\Foundation\\helpers.php(1035): Illuminate\\View\\Factory->make('welcome', Array, Array)
#3 laravel-serializable-closure://function () {
    return \\view('welcome');
}(3): view('welcome')
#4 E:\\Islam Hossain\\Client___AAA Trading International\\aaa_trade_international\\aaa_trade_api\\lvApps\\vendor\\laravel\\framework\\src\\Illuminate\\Routing\\CallableDispatcher.php(40): Illuminate\\Routing\\RouteFileRegistrar::{closure}()
#5 E:\\Islam Hossain\\Client___AAA Trading International\\aaa_trade_international\\aaa_trade_api\\lvApps\\vendor\\laravel\\framework\\src\\Illuminate\\Routing\\Route.php(237): Illuminate\\Routing\\CallableDispatcher->dispatch(Object(Illuminate\\Routing\\Route), Object(Closure))
#6 E:\\Islam Hossain\\Client___AAA Trading International\\aaa_trade_international\\aaa_trade_api\\lvApps\\vendor\\laravel\\framework\\src\\Illuminate\\Routing\\Route.php(208): Illuminate\\Routing\\Route->runCallable()
#7 E:\\Islam Hossain\\Client___AAA Trading International\\aaa_trade_international\\aaa_trade_api\\lvApps\\vendor\\laravel\\framework\\src\\Illuminate\\Routing\\Router.php(798): Illuminate\\Routing\\Route->run()
#8 E:\\Islam Hossain\\Client___AAA Trading International\\aaa_trade_international\\aaa_trade_api\\lvApps\\vendor\\laravel\\framework\\src\\Illuminate\\Pipeline\\Pipeline.php(141): Illuminate\\Routing\\Router->Illuminate\\Routing\\{closure}(Object(Illuminate\\Http\\Request))
#9 E:\\Islam Hossain\\Client___AAA Trading International\\aaa_trade_international\\aaa_trade_api\\lvApps\\vendor\\laravel\\framework\\src\\Illuminate\\Routing\\Middleware\\SubstituteBindings.php(50): Illuminate\\Pipeline\\Pipeline->Illuminate\\Pipeline\\{closure}(Object(Illuminate\\Http\\Request))
#10 E:\\Islam Hossain\\Client___AAA Trading International\\aaa_trade_international\\aaa_trade_api\\lvApps\\vendor\\laravel\\framework\\src\\Illuminate\\Pipeline\\Pipeline.php(180): Illuminate\\Routing\\Middleware\\SubstituteBindings->handle(Object(Illuminate\\Http\\Request), Object(Closure))
#11 E:\\Islam Hossain\\Client___AAA Trading International\\aaa_trade_international\\aaa_trade_api\\lvApps\\vendor\\laravel\\framework\\src\\Illuminate\\Foundation\\Http\\Middleware\\VerifyCsrfToken.php(78): Illuminate\\Pipeline\\Pipeline->Illuminate\\Pipeline\\{closure}(Object(Illuminate\\Http\\Request))
#12 E:\\Islam Hossain\\Client___AAA Trading International\\aaa_trade_international\\aaa_trade_api\\lvApps\\vendor\\laravel\\framework\\src\\Illuminate\\Pipeline\\Pipeline.php(180): Illuminate\\Foundation\\Http\\Middleware\\VerifyCsrfToken->handle(Object(Illuminate\\Http\\Request), Object(Closure))
#13 E:\\Islam Hossain\\Client___AAA Trading International\\aaa_trade_international\\aaa_trade_api\\lvApps\\vendor\\laravel\\framework\\src\\Illuminate\\View\\Middleware\\ShareErrorsFromSession.php(49): Illuminate\\Pipeline\\Pipeline->Illuminate\\Pipeline\\{closure}(Object(Illuminate\\Http\\Request))
#14 E:\\Islam Hossain\\Client___AAA Trading International\\aaa_trade_international\\aaa_trade_api\\lvApps\\vendor\\laravel\\framework\\src\\Illuminate\\Pipeline\\Pipeline.php(180): Illuminate\\View\\Middleware\\ShareErrorsFromSession->handle(Object(Illuminate\\Http\\Request), Object(Closure))
#15 E:\\Islam Hossain\\Client___AAA Trading International\\aaa_trade_international\\aaa_trade_api\\lvApps\\vendor\\laravel\\framework\\src\\Illuminate\\Session\\Middleware\\StartSession.php(121): Illuminate\\Pipeline\\Pipeline->Illuminate\\Pipeline\\{closure}(Object(Illuminate\\Http\\Request))
#16 E:\\Islam Hossain\\Client___AAA Trading International\\aaa_trade_international\\aaa_trade_api\\lvApps\\vendor\\laravel\\framework\\src\\Illuminate\\Session\\Middleware\\StartSession.php(64): Illuminate\\Session\\Middleware\\StartSession->handleStatefulRequest(Object(Illuminate\\Http\\Request), Object(Illuminate\\Session\\Store), Object(Closure))
#17 E:\\Islam Hossain\\Client___AAA Trading International\\aaa_trade_international\\aaa_trade_api\\lvApps\\vendor\\laravel\\framework\\src\\Illuminate\\Pipeline\\Pipeline.php(180): Illuminate\\Session\\Middleware\\StartSession->handle(Object(Illuminate\\Http\\Request), Object(Closure))
#18 E:\\Islam Hossain\\Client___AAA Trading International\\aaa_trade_international\\aaa_trade_api\\lvApps\\vendor\\laravel\\framework\\src\\Illuminate\\Cookie\\Middleware\\AddQueuedCookiesToResponse.php(37): Illuminate\\Pipeline\\Pipeline->Illuminate\\Pipeline\\{closure}(Object(Illuminate\\Http\\Request))
#19 E:\\Islam Hossain\\Client___AAA Trading International\\aaa_trade_international\\aaa_trade_api\\lvApps\\vendor\\laravel\\framework\\src\\Illuminate\\Pipeline\\Pipeline.php(180): Illuminate\\Cookie\\Middleware\\AddQueuedCookiesToResponse->handle(Object(Illuminate\\Http\\Request), Object(Closure))
#20 E:\\Islam Hossain\\Client___AAA Trading International\\aaa_trade_international\\aaa_trade_api\\lvApps\\vendor\\laravel\\framework\\src\\Illuminate\\Cookie\\Middleware\\EncryptCookies.php(67): Illuminate\\Pipeline\\Pipeline->Illuminate\\Pipeline\\{closure}(Object(Illuminate\\Http\\Request))
#21 E:\\Islam Hossain\\Client___AAA Trading International\\aaa_trade_international\\aaa_trade_api\\lvApps\\vendor\\laravel\\framework\\src\\Illuminate\\Pipeline\\Pipeline.php(180): Illuminate\\Cookie\\Middleware\\EncryptCookies->handle(Object(Illuminate\\Http\\Request), Object(Closure))
#22 E:\\Islam Hossain\\Client___AAA Trading International\\aaa_trade_international\\aaa_trade_api\\lvApps\\vendor\\laravel\\framework\\src\\Illuminate\\Pipeline\\Pipeline.php(116): Illuminate\\Pipeline\\Pipeline->Illuminate\\Pipeline\\{closure}(Object(Illuminate\\Http\\Request))
#23 E:\\Islam Hossain\\Client___AAA Trading International\\aaa_trade_international\\aaa_trade_api\\lvApps\\vendor\\laravel\\framework\\src\\Illuminate\\Routing\\Router.php(799): Illuminate\\Pipeline\\Pipeline->then(Object(Closure))
#24 E:\\Islam Hossain\\Client___AAA Trading International\\aaa_trade_international\\aaa_trade_api\\lvApps\\vendor\\laravel\\framework\\src\\Illuminate\\Routing\\Router.php(776): Illuminate\\Routing\\Router->runRouteWithinStack(Object(Illuminate\\Routing\\Route), Object(Illuminate\\Http\\Request))
#25 E:\\Islam Hossain\\Client___AAA Trading International\\aaa_trade_international\\aaa_trade_api\\lvApps\\vendor\\laravel\\framework\\src\\Illuminate\\Routing\\Router.php(740): Illuminate\\Routing\\Router->runRoute(Object(Illuminate\\Http\\Request), Object(Illuminate\\Routing\\Route))
#26 E:\\Islam Hossain\\Client___AAA Trading International\\aaa_trade_international\\aaa_trade_api\\lvApps\\vendor\\laravel\\framework\\src\\Illuminate\\Routing\\Router.php(729): Illuminate\\Routing\\Router->dispatchToRoute(Object(Illuminate\\Http\\Request))
#27 E:\\Islam Hossain\\Client___AAA Trading International\\aaa_trade_international\\aaa_trade_api\\lvApps\\vendor\\laravel\\framework\\src\\Illuminate\\Foundation\\Http\\Kernel.php(190): Illuminate\\Routing\\Router->dispatch(Object(Illuminate\\Http\\Request))
#28 E:\\Islam Hossain\\Client___AAA Trading International\\aaa_trade_international\\aaa_trade_api\\lvApps\\vendor\\laravel\\framework\\src\\Illuminate\\Pipeline\\Pipeline.php(141): Illuminate\\Foundation\\Http\\Kernel->Illuminate\\Foundation\\Http\\{closure}(Object(Illuminate\\Http\\Request))
#29 E:\\Islam Hossain\\Client___AAA Trading International\\aaa_trade_international\\aaa_trade_api\\lvApps\\vendor\\laravel\\framework\\src\\Illuminate\\Foundation\\Http\\Middleware\\TransformsRequest.php(21): Illuminate\\Pipeline\\Pipeline->Illuminate\\Pipeline\\{closure}(Object(Illuminate\\Http\\Request))
#30 E:\\Islam Hossain\\Client___AAA Trading International\\aaa_trade_international\\aaa_trade_api\\lvApps\\vendor\\laravel\\framework\\src\\Illuminate\\Foundation\\Http\\Middleware\\ConvertEmptyStringsToNull.php(31): Illuminate\\Foundation\\Http\\Middleware\\TransformsRequest->handle(Object(Illuminate\\Http\\Request), Object(Closure))
#31 E:\\Islam Hossain\\Client___AAA Trading International\\aaa_trade_international\\aaa_trade_api\\lvApps\\vendor\\laravel\\framework\\src\\Illuminate\\Pipeline\\Pipeline.php(180): Illuminate\\Foundation\\Http\\Middleware\\ConvertEmptyStringsToNull->handle(Object(Illuminate\\Http\\Request), Object(Closure))
#32 E:\\Islam Hossain\\Client___AAA Trading International\\aaa_trade_international\\aaa_trade_api\\lvApps\\vendor\\laravel\\framework\\src\\Illuminate\\Foundation\\Http\\Middleware\\TransformsRequest.php(21): Illuminate\\Pipeline\\Pipeline->Illuminate\\Pipeline\\{closure}(Object(Illuminate\\Http\\Request))
#33 E:\\Islam Hossain\\Client___AAA Trading International\\aaa_trade_international\\aaa_trade_api\\lvApps\\vendor\\laravel\\framework\\src\\Illuminate\\Foundation\\Http\\Middleware\\TrimStrings.php(40): Illuminate\\Foundation\\Http\\Middleware\\TransformsRequest->handle(Object(Illuminate\\Http\\Request), Object(Closure))
#34 E:\\Islam Hossain\\Client___AAA Trading International\\aaa_trade_international\\aaa_trade_api\\lvApps\\vendor\\laravel\\framework\\src\\Illuminate\\Pipeline\\Pipeline.php(180): Illuminate\\Foundation\\Http\\Middleware\\TrimStrings->handle(Object(Illuminate\\Http\\Request), Object(Closure))
#35 E:\\Islam Hossain\\Client___AAA Trading International\\aaa_trade_international\\aaa_trade_api\\lvApps\\vendor\\laravel\\framework\\src\\Illuminate\\Foundation\\Http\\Middleware\\ValidatePostSize.php(27): Illuminate\\Pipeline\\Pipeline->Illuminate\\Pipeline\\{closure}(Object(Illuminate\\Http\\Request))
#36 E:\\Islam Hossain\\Client___AAA Trading International\\aaa_trade_international\\aaa_trade_api\\lvApps\\vendor\\laravel\\framework\\src\\Illuminate\\Pipeline\\Pipeline.php(180): Illuminate\\Foundation\\Http\\Middleware\\ValidatePostSize->handle(Object(Illuminate\\Http\\Request), Object(Closure))
#37 E:\\Islam Hossain\\Client___AAA Trading International\\aaa_trade_international\\aaa_trade_api\\lvApps\\vendor\\laravel\\framework\\src\\Illuminate\\Foundation\\Http\\Middleware\\PreventRequestsDuringMaintenance.php(86): Illuminate\\Pipeline\\Pipeline->Illuminate\\Pipeline\\{closure}(Object(Illuminate\\Http\\Request))
#38 E:\\Islam Hossain\\Client___AAA Trading International\\aaa_trade_international\\aaa_trade_api\\lvApps\\vendor\\laravel\\framework\\src\\Illuminate\\Pipeline\\Pipeline.php(180): Illuminate\\Foundation\\Http\\Middleware\\PreventRequestsDuringMaintenance->handle(Object(Illuminate\\Http\\Request), Object(Closure))
#39 E:\\Islam Hossain\\Client___AAA Trading International\\aaa_trade_international\\aaa_trade_api\\lvApps\\vendor\\laravel\\framework\\src\\Illuminate\\Http\\Middleware\\HandleCors.php(49): Illuminate\\Pipeline\\Pipeline->Illuminate\\Pipeline\\{closure}(Object(Illuminate\\Http\\Request))
#40 E:\\Islam Hossain\\Client___AAA Trading International\\aaa_trade_international\\aaa_trade_api\\lvApps\\vendor\\laravel\\framework\\src\\Illuminate\\Pipeline\\Pipeline.php(180): Illuminate\\Http\\Middleware\\HandleCors->handle(Object(Illuminate\\Http\\Request), Object(Closure))
#41 E:\\Islam Hossain\\Client___AAA Trading International\\aaa_trade_international\\aaa_trade_api\\lvApps\\vendor\\laravel\\framework\\src\\Illuminate\\Http\\Middleware\\TrustProxies.php(39): Illuminate\\Pipeline\\Pipeline->Illuminate\\Pipeline\\{closure}(Object(Illuminate\\Http\\Request))
#42 E:\\Islam Hossain\\Client___AAA Trading International\\aaa_trade_international\\aaa_trade_api\\lvApps\\vendor\\laravel\\framework\\src\\Illuminate\\Pipeline\\Pipeline.php(180): Illuminate\\Http\\Middleware\\TrustProxies->handle(Object(Illuminate\\Http\\Request), Object(Closure))
#43 E:\\Islam Hossain\\Client___AAA Trading International\\aaa_trade_international\\aaa_trade_api\\lvApps\\vendor\\laravel\\framework\\src\\Illuminate\\Pipeline\\Pipeline.php(116): Illuminate\\Pipeline\\Pipeline->Illuminate\\Pipeline\\{closure}(Object(Illuminate\\Http\\Request))
#44 E:\\Islam Hossain\\Client___AAA Trading International\\aaa_trade_international\\aaa_trade_api\\lvApps\\vendor\\laravel\\framework\\src\\Illuminate\\Foundation\\Http\\Kernel.php(165): Illuminate\\Pipeline\\Pipeline->then(Object(Closure))
#45 E:\\Islam Hossain\\Client___AAA Trading International\\aaa_trade_international\\aaa_trade_api\\lvApps\\vendor\\laravel\\framework\\src\\Illuminate\\Foundation\\Http\\Kernel.php(134): Illuminate\\Foundation\\Http\\Kernel->sendRequestThroughRouter(Object(Illuminate\\Http\\Request))
#46 E:\\Islam Hossain\\Client___AAA Trading International\\aaa_trade_international\\aaa_trade_api\\lvApps\\public\\index.php(52): Illuminate\\Foundation\\Http\\Kernel->handle(Object(Illuminate\\Http\\Request))
#47 E:\\Islam Hossain\\Client___AAA Trading International\\aaa_trade_international\\aaa_trade_api\\lvApps\\vendor\\laravel\\framework\\src\\Illuminate\\Foundation\\resources\\server.php(16): require_once('E:\\\\Islam Hossai...')
#48 {main}
"} 
[2023-11-01 17:29:33] local.ERROR: file_put_contents(E:\Islam Hossain\Client___AAA Trading International\aaa_trade_international\aaa_trade_api\storage\framework/sessions/c1rOyq7ZHeYCcccJeNFGqYMhRsOHNtDjF19gVliE): Failed to open stream: No such file or directory {"exception":"[object] (ErrorException(code: 0): file_put_contents(E:\\Islam Hossain\\Client___AAA Trading International\\aaa_trade_international\\aaa_trade_api\\storage\\framework/sessions/c1rOyq7ZHeYCcccJeNFGqYMhRsOHNtDjF19gVliE): Failed to open stream: No such file or directory at E:\\Islam Hossain\\Client___AAA Trading International\\aaa_trade_international\\aaa_trade_api\\lvApps\\vendor\\laravel\\framework\\src\\Illuminate\\Filesystem\\Filesystem.php:190)
[stacktrace]
#0 E:\\Islam Hossain\\Client___AAA Trading International\\aaa_trade_international\\aaa_trade_api\\lvApps\\vendor\\laravel\\framework\\src\\Illuminate\\Foundation\\Bootstrap\\HandleExceptions.php(270): Illuminate\\Foundation\\Bootstrap\\HandleExceptions->handleError(2, 'file_put_conten...', 'E:\\\\Islam Hossai...', 190)
#1 [internal function]: Illuminate\\Foundation\\Bootstrap\\HandleExceptions->Illuminate\\Foundation\\Bootstrap\\{closure}(2, 'file_put_conten...', 'E:\\\\Islam Hossai...', 190)
#2 E:\\Islam Hossain\\Client___AAA Trading International\\aaa_trade_international\\aaa_trade_api\\lvApps\\vendor\\laravel\\framework\\src\\Illuminate\\Filesystem\\Filesystem.php(190): file_put_contents('E:\\\\Islam Hossai...', 'a:3:{s:6:\"_toke...', 2)
#3 E:\\Islam Hossain\\Client___AAA Trading International\\aaa_trade_international\\aaa_trade_api\\lvApps\\vendor\\laravel\\framework\\src\\Illuminate\\Session\\FileSessionHandler.php(90): Illuminate\\Filesystem\\Filesystem->put('E:\\\\Islam Hossai...', 'a:3:{s:6:\"_toke...', true)
#4 E:\\Islam Hossain\\Client___AAA Trading International\\aaa_trade_international\\aaa_trade_api\\lvApps\\vendor\\laravel\\framework\\src\\Illuminate\\Session\\Store.php(173): Illuminate\\Session\\FileSessionHandler->write('c1rOyq7ZHeYCccc...', 'a:3:{s:6:\"_toke...')
#5 E:\\Islam Hossain\\Client___AAA Trading International\\aaa_trade_international\\aaa_trade_api\\lvApps\\vendor\\laravel\\framework\\src\\Illuminate\\Session\\Middleware\\StartSession.php(238): Illuminate\\Session\\Store->save()
#6 E:\\Islam Hossain\\Client___AAA Trading International\\aaa_trade_international\\aaa_trade_api\\lvApps\\vendor\\laravel\\framework\\src\\Illuminate\\Session\\Middleware\\StartSession.php(130): Illuminate\\Session\\Middleware\\StartSession->saveSession(Object(Illuminate\\Http\\Request))
#7 E:\\Islam Hossain\\Client___AAA Trading International\\aaa_trade_international\\aaa_trade_api\\lvApps\\vendor\\laravel\\framework\\src\\Illuminate\\Session\\Middleware\\StartSession.php(64): Illuminate\\Session\\Middleware\\StartSession->handleStatefulRequest(Object(Illuminate\\Http\\Request), Object(Illuminate\\Session\\Store), Object(Closure))
#8 E:\\Islam Hossain\\Client___AAA Trading International\\aaa_trade_international\\aaa_trade_api\\lvApps\\vendor\\laravel\\framework\\src\\Illuminate\\Pipeline\\Pipeline.php(180): Illuminate\\Session\\Middleware\\StartSession->handle(Object(Illuminate\\Http\\Request), Object(Closure))
#9 E:\\Islam Hossain\\Client___AAA Trading International\\aaa_trade_international\\aaa_trade_api\\lvApps\\vendor\\laravel\\framework\\src\\Illuminate\\Cookie\\Middleware\\AddQueuedCookiesToResponse.php(37): Illuminate\\Pipeline\\Pipeline->Illuminate\\Pipeline\\{closure}(Object(Illuminate\\Http\\Request))
#10 E:\\Islam Hossain\\Client___AAA Trading International\\aaa_trade_international\\aaa_trade_api\\lvApps\\vendor\\laravel\\framework\\src\\Illuminate\\Pipeline\\Pipeline.php(180): Illuminate\\Cookie\\Middleware\\AddQueuedCookiesToResponse->handle(Object(Illuminate\\Http\\Request), Object(Closure))
#11 E:\\Islam Hossain\\Client___AAA Trading International\\aaa_trade_international\\aaa_trade_api\\lvApps\\vendor\\laravel\\framework\\src\\Illuminate\\Cookie\\Middleware\\EncryptCookies.php(67): Illuminate\\Pipeline\\Pipeline->Illuminate\\Pipeline\\{closure}(Object(Illuminate\\Http\\Request))
#12 E:\\Islam Hossain\\Client___AAA Trading International\\aaa_trade_international\\aaa_trade_api\\lvApps\\vendor\\laravel\\framework\\src\\Illuminate\\Pipeline\\Pipeline.php(180): Illuminate\\Cookie\\Middleware\\EncryptCookies->handle(Object(Illuminate\\Http\\Request), Object(Closure))
#13 E:\\Islam Hossain\\Client___AAA Trading International\\aaa_trade_international\\aaa_trade_api\\lvApps\\vendor\\laravel\\framework\\src\\Illuminate\\Pipeline\\Pipeline.php(116): Illuminate\\Pipeline\\Pipeline->Illuminate\\Pipeline\\{closure}(Object(Illuminate\\Http\\Request))
#14 E:\\Islam Hossain\\Client___AAA Trading International\\aaa_trade_international\\aaa_trade_api\\lvApps\\vendor\\laravel\\framework\\src\\Illuminate\\Routing\\Router.php(799): Illuminate\\Pipeline\\Pipeline->then(Object(Closure))
#15 E:\\Islam Hossain\\Client___AAA Trading International\\aaa_trade_international\\aaa_trade_api\\lvApps\\vendor\\laravel\\framework\\src\\Illuminate\\Routing\\Router.php(776): Illuminate\\Routing\\Router->runRouteWithinStack(Object(Illuminate\\Routing\\Route), Object(Illuminate\\Http\\Request))
#16 E:\\Islam Hossain\\Client___AAA Trading International\\aaa_trade_international\\aaa_trade_api\\lvApps\\vendor\\laravel\\framework\\src\\Illuminate\\Routing\\Router.php(740): Illuminate\\Routing\\Router->runRoute(Object(Illuminate\\Http\\Request), Object(Illuminate\\Routing\\Route))
#17 E:\\Islam Hossain\\Client___AAA Trading International\\aaa_trade_international\\aaa_trade_api\\lvApps\\vendor\\laravel\\framework\\src\\Illuminate\\Routing\\Router.php(729): Illuminate\\Routing\\Router->dispatchToRoute(Object(Illuminate\\Http\\Request))
#18 E:\\Islam Hossain\\Client___AAA Trading International\\aaa_trade_international\\aaa_trade_api\\lvApps\\vendor\\laravel\\framework\\src\\Illuminate\\Foundation\\Http\\Kernel.php(190): Illuminate\\Routing\\Router->dispatch(Object(Illuminate\\Http\\Request))
#19 E:\\Islam Hossain\\Client___AAA Trading International\\aaa_trade_international\\aaa_trade_api\\lvApps\\vendor\\laravel\\framework\\src\\Illuminate\\Pipeline\\Pipeline.php(141): Illuminate\\Foundation\\Http\\Kernel->Illuminate\\Foundation\\Http\\{closure}(Object(Illuminate\\Http\\Request))
#20 E:\\Islam Hossain\\Client___AAA Trading International\\aaa_trade_international\\aaa_trade_api\\lvApps\\vendor\\laravel\\framework\\src\\Illuminate\\Foundation\\Http\\Middleware\\TransformsRequest.php(21): Illuminate\\Pipeline\\Pipeline->Illuminate\\Pipeline\\{closure}(Object(Illuminate\\Http\\Request))
#21 E:\\Islam Hossain\\Client___AAA Trading International\\aaa_trade_international\\aaa_trade_api\\lvApps\\vendor\\laravel\\framework\\src\\Illuminate\\Foundation\\Http\\Middleware\\ConvertEmptyStringsToNull.php(31): Illuminate\\Foundation\\Http\\Middleware\\TransformsRequest->handle(Object(Illuminate\\Http\\Request), Object(Closure))
#22 E:\\Islam Hossain\\Client___AAA Trading International\\aaa_trade_international\\aaa_trade_api\\lvApps\\vendor\\laravel\\framework\\src\\Illuminate\\Pipeline\\Pipeline.php(180): Illuminate\\Foundation\\Http\\Middleware\\ConvertEmptyStringsToNull->handle(Object(Illuminate\\Http\\Request), Object(Closure))
#23 E:\\Islam Hossain\\Client___AAA Trading International\\aaa_trade_international\\aaa_trade_api\\lvApps\\vendor\\laravel\\framework\\src\\Illuminate\\Foundation\\Http\\Middleware\\TransformsRequest.php(21): Illuminate\\Pipeline\\Pipeline->Illuminate\\Pipeline\\{closure}(Object(Illuminate\\Http\\Request))
#24 E:\\Islam Hossain\\Client___AAA Trading International\\aaa_trade_international\\aaa_trade_api\\lvApps\\vendor\\laravel\\framework\\src\\Illuminate\\Foundation\\Http\\Middleware\\TrimStrings.php(40): Illuminate\\Foundation\\Http\\Middleware\\TransformsRequest->handle(Object(Illuminate\\Http\\Request), Object(Closure))
#25 E:\\Islam Hossain\\Client___AAA Trading International\\aaa_trade_international\\aaa_trade_api\\lvApps\\vendor\\laravel\\framework\\src\\Illuminate\\Pipeline\\Pipeline.php(180): Illuminate\\Foundation\\Http\\Middleware\\TrimStrings->handle(Object(Illuminate\\Http\\Request), Object(Closure))
#26 E:\\Islam Hossain\\Client___AAA Trading International\\aaa_trade_international\\aaa_trade_api\\lvApps\\vendor\\laravel\\framework\\src\\Illuminate\\Foundation\\Http\\Middleware\\ValidatePostSize.php(27): Illuminate\\Pipeline\\Pipeline->Illuminate\\Pipeline\\{closure}(Object(Illuminate\\Http\\Request))
#27 E:\\Islam Hossain\\Client___AAA Trading International\\aaa_trade_international\\aaa_trade_api\\lvApps\\vendor\\laravel\\framework\\src\\Illuminate\\Pipeline\\Pipeline.php(180): Illuminate\\Foundation\\Http\\Middleware\\ValidatePostSize->handle(Object(Illuminate\\Http\\Request), Object(Closure))
#28 E:\\Islam Hossain\\Client___AAA Trading International\\aaa_trade_international\\aaa_trade_api\\lvApps\\vendor\\laravel\\framework\\src\\Illuminate\\Foundation\\Http\\Middleware\\PreventRequestsDuringMaintenance.php(86): Illuminate\\Pipeline\\Pipeline->Illuminate\\Pipeline\\{closure}(Object(Illuminate\\Http\\Request))
#29 E:\\Islam Hossain\\Client___AAA Trading International\\aaa_trade_international\\aaa_trade_api\\lvApps\\vendor\\laravel\\framework\\src\\Illuminate\\Pipeline\\Pipeline.php(180): Illuminate\\Foundation\\Http\\Middleware\\PreventRequestsDuringMaintenance->handle(Object(Illuminate\\Http\\Request), Object(Closure))
#30 E:\\Islam Hossain\\Client___AAA Trading International\\aaa_trade_international\\aaa_trade_api\\lvApps\\vendor\\laravel\\framework\\src\\Illuminate\\Http\\Middleware\\HandleCors.php(49): Illuminate\\Pipeline\\Pipeline->Illuminate\\Pipeline\\{closure}(Object(Illuminate\\Http\\Request))
#31 E:\\Islam Hossain\\Client___AAA Trading International\\aaa_trade_international\\aaa_trade_api\\lvApps\\vendor\\laravel\\framework\\src\\Illuminate\\Pipeline\\Pipeline.php(180): Illuminate\\Http\\Middleware\\HandleCors->handle(Object(Illuminate\\Http\\Request), Object(Closure))
#32 E:\\Islam Hossain\\Client___AAA Trading International\\aaa_trade_international\\aaa_trade_api\\lvApps\\vendor\\laravel\\framework\\src\\Illuminate\\Http\\Middleware\\TrustProxies.php(39): Illuminate\\Pipeline\\Pipeline->Illuminate\\Pipeline\\{closure}(Object(Illuminate\\Http\\Request))
#33 E:\\Islam Hossain\\Client___AAA Trading International\\aaa_trade_international\\aaa_trade_api\\lvApps\\vendor\\laravel\\framework\\src\\Illuminate\\Pipeline\\Pipeline.php(180): Illuminate\\Http\\Middleware\\TrustProxies->handle(Object(Illuminate\\Http\\Request), Object(Closure))
#34 E:\\Islam Hossain\\Client___AAA Trading International\\aaa_trade_international\\aaa_trade_api\\lvApps\\vendor\\laravel\\framework\\src\\Illuminate\\Pipeline\\Pipeline.php(116): Illuminate\\Pipeline\\Pipeline->Illuminate\\Pipeline\\{closure}(Object(Illuminate\\Http\\Request))
#35 E:\\Islam Hossain\\Client___AAA Trading International\\aaa_trade_international\\aaa_trade_api\\lvApps\\vendor\\laravel\\framework\\src\\Illuminate\\Foundation\\Http\\Kernel.php(165): Illuminate\\Pipeline\\Pipeline->then(Object(Closure))
#36 E:\\Islam Hossain\\Client___AAA Trading International\\aaa_trade_international\\aaa_trade_api\\lvApps\\vendor\\laravel\\framework\\src\\Illuminate\\Foundation\\Http\\Kernel.php(134): Illuminate\\Foundation\\Http\\Kernel->sendRequestThroughRouter(Object(Illuminate\\Http\\Request))
#37 E:\\Islam Hossain\\Client___AAA Trading International\\aaa_trade_international\\aaa_trade_api\\lvApps\\public\\index.php(52): Illuminate\\Foundation\\Http\\Kernel->handle(Object(Illuminate\\Http\\Request))
#38 E:\\Islam Hossain\\Client___AAA Trading International\\aaa_trade_international\\aaa_trade_api\\lvApps\\vendor\\laravel\\framework\\src\\Illuminate\\Foundation\\resources\\server.php(16): require_once('E:\\\\Islam Hossai...')
#39 {main}
"} 
